<?xml version="1.0" encoding="UTF-8"?>
<testsuite xmlns:xsi="http://www.w3.org/2001/XMLSchema-instance" xsi:noNamespaceSchemaLocation="https://maven.apache.org/surefire/maven-surefire-plugin/xsd/surefire-test-report-3.0.xsd" version="3.0" name="TestSuite" time="86.101" tests="7" errors="0" skipped="0" failures="1">
  <properties>
[...]
</properties>
  <testcase name="basePageNavigation" classname="SaiAcademy.RightNavBarTest" time="0.322">
    <system-out><![CDATA[[TestNG] [WARN] Ignoring duplicate listener : SaiAcademy.ListenersTest
]]></system-out>
    <system-err><![CDATA[Starting ChromeDriver 84.0.4147.30 (48b3e868b4cc0aa7e8149519690b6f6949e110a8-refs/branch-heads/4147@{#310}) on port 19942
Only local connections are allowed.
Please see https://chromedriver.chromium.org/security-considerations for suggestions on keeping ChromeDriver safe.
Starting ChromeDriver 84.0.4147.30 (48b3e868b4cc0aa7e8149519690b6f6949e110a8-refs/branch-heads/4147@{#310}) on port 15019
Only local connections are allowed.
Please see https://chromedriver.chromium.org/security-considerations for suggestions on keeping ChromeDriver safe.
ChromeDriver was started successfully.
ChromeDriver was started successfully.
Starting ChromeDriver 84.0.4147.30 (48b3e868b4cc0aa7e8149519690b6f6949e110a8-refs/branch-heads/4147@{#310}) on port 13261
Only local connections are allowed.
Please see https://chromedriver.chromium.org/security-considerations for suggestions on keeping ChromeDriver safe.
ChromeDriver was started successfully.
[1599953851.618][WARNING]: This version of ChromeDriver has not been tested with Chrome version 85.
[1599953851.782][WARNING]: This version of ChromeDriver has not been tested with Chrome version 85.
[1599953852.033][WARNING]: This version of ChromeDriver has not been tested with Chrome version 85.
Sep 12, 2020 6:37:32 PM org.openqa.selenium.remote.ProtocolHandshake createSession
INFO: Detected dialect: W3C
Sep 12, 2020 6:37:33 PM org.openqa.selenium.remote.ProtocolHandshake createSession
INFO: Detected dialect: W3C
Sep 12, 2020 6:37:33 PM org.openqa.selenium.remote.ProtocolHandshake createSession
INFO: Detected dialect: W3C
]]></system-err>
  </testcase>
  <testcase name="titleCheckInLandingPage" classname="SaiAcademy.TitlePageTextTest" time="1.155">
    <failure message="expected [FEATURED COURSE] but found [FEATURED COURSES]" type="java.lang.AssertionError"><![CDATA[java.lang.AssertionError: expected [FEATURED COURSE] but found [FEATURED COURSES]
	at SaiAcademy.TitlePageTextTest.titleCheckInLandingPage(TitlePageTextTest.java:39)
]]></failure>
  </testcase>
  <testcase name="videoBannerHeadTextCheckInLandingPage" classname="SaiAcademy.TitlePageTextTest" time="0.059"/>
  <testcase name="videoBannerTextCheckInLandingPage" classname="SaiAcademy.TitlePageTextTest" time="0.035"/>
  <testcase name="basePageNavigation[nonrestricted@user.com, 12345, Non restricted user](1)" classname="SaiAcademy.HomePageTest" time="9.605"/>
  <testcase name="basePageNavigation[restricted@user.com, 09876, Restricted user](2)" classname="SaiAcademy.HomePageTest" time="14.571"/>
  <testcase name="feature[Validate Login Functionality](1)" classname="cucumberOptions.TestRunner" time="28.983">
    <system-err><![CDATA[Starting ChromeDriver 84.0.4147.30 (48b3e868b4cc0aa7e8149519690b6f6949e110a8-refs/branch-heads/4147@{#310}) on port 6014
Only local connections are allowed.
Please see https://chromedriver.chromium.org/security-considerations for suggestions on keeping ChromeDriver safe.
ChromeDriver was started successfully.
[1599953905.538][WARNING]: This version of ChromeDriver has not been tested with Chrome version 85.
Sep 12, 2020 6:38:26 PM org.openqa.selenium.remote.ProtocolHandshake createSession
INFO: Detected dialect: W3C
Starting ChromeDriver 84.0.4147.30 (48b3e868b4cc0aa7e8149519690b6f6949e110a8-refs/branch-heads/4147@{#310}) on port 16097
Only local connections are allowed.
Please see https://chromedriver.chromium.org/security-considerations for suggestions on keeping ChromeDriver safe.
ChromeDriver was started successfully.
[1599953918.551][WARNING]: This version of ChromeDriver has not been tested with Chrome version 85.
Sep 12, 2020 6:38:39 PM org.openqa.selenium.remote.ProtocolHandshake createSession
INFO: Detected dialect: W3C
]]></system-err>
  </testcase>
</testsuite>