<?xml version="1.0" encoding="UTF-8"?>
<!-- Generated by org.testng.reporters.JUnitXMLReporter -->
<testsuite hostname="LAPTOP-HN641TBH" ignored="0" name="Test" tests="4" failures="0" timestamp="2020-09-02T14:08:39 CDT" time="35.556" errors="0">
  <testcase name="basePageNavigation" time="0.197" classname="SaiAcademy.RightNavBarTest"/>
  <testcase name="basePageNavigation" time="8.077" classname="SaiAcademy.HomePageTest"/>
  <testcase name="basePageNavigation" time="4.037" classname="SaiAcademy.HomePageTest"/>
  <testcase name="basePageNavigation" time="0.047" classname="SaiAcademy.TitlePageTextTest"/>
</testsuite> <!-- Test -->
