<?xml version="1.0" encoding="UTF-8"?>
<!-- Generated by org.testng.reporters.JUnitXMLReporter -->
<testsuite hostname="LAPTOP-HN641TBH" ignored="0" name="Validating Data Provider Attribute" tests="2" failures="0" timestamp="2020-09-07T17:05:36 CDT" time="44.94" errors="0">
  <testcase name="basePageNavigation" time="23.636" classname="SaiAcademy.HomePageTest"/>
  <testcase name="basePageNavigation" time="5.411" classname="SaiAcademy.HomePageTest"/>
</testsuite> <!-- Validating Data Provider Attribute -->
