<?xml version="1.0" encoding="UTF-8"?>
<testng-results skipped="0" failed="0" ignored="0" total="1" passed="1">
  <reporter-output>
  </reporter-output>
  <suite name="Default suite" duration-ms="8646" started-at="2020-08-28T15:28:26 CDT" finished-at="2020-08-28T15:28:34 CDT">
    <groups>
    </groups>
    <test name="Default test" duration-ms="8646" started-at="2020-08-28T15:28:26 CDT" finished-at="2020-08-28T15:28:34 CDT">
      <class name="SaiMavenProject.ExtentReports.ExtentReportDemoTest">
        <test-method status="PASS" signature="extentReportConfig()[pri:0, instance:SaiMavenProject.ExtentReports.ExtentReportDemoTest@51cdd8a]" name="extentReportConfig" is-config="true" duration-ms="355" started-at="2020-08-28T15:28:26 CDT" finished-at="2020-08-28T15:28:26 CDT">
          <reporter-output>
          </reporter-output>
        </test-method> <!-- extentReportConfig -->
        <test-method status="PASS" signature="initialDemo()[pri:0, instance:SaiMavenProject.ExtentReports.ExtentReportDemoTest@51cdd8a]" name="initialDemo" duration-ms="8244" started-at="2020-08-28T15:28:26 CDT" finished-at="2020-08-28T15:28:34 CDT">
          <reporter-output>
          </reporter-output>
        </test-method> <!-- initialDemo -->
      </class> <!-- SaiMavenProject.ExtentReports.ExtentReportDemoTest -->
    </test> <!-- Default test -->
  </suite> <!-- Default suite -->
</testng-results>
