<?xml version="1.0" encoding="UTF-8"?>
<!-- Generated by org.testng.reporters.JUnitXMLReporter -->
<testsuite hostname="LAPTOP-HN641TBH" ignored="0" name="Validating title Page Text" tests="3" failures="1" timestamp="2020-09-12T18:38:02 CDT" time="33.06" errors="0">
  <testcase name="titleCheckInLandingPage" time="0.065" classname="SaiAcademy.TitlePageTextTest">
    <failure type="java.lang.AssertionError" message="expected [FEATURED COURSE] but found [FEATURED COURSES]">
      <![CDATA[java.lang.AssertionError: expected [FEATURED COURSE] but found [FEATURED COURSES]
at SaiAcademy.TitlePageTextTest.titleCheckInLandingPage(TitlePageTextTest.java:39)
at java.util.ArrayList.forEach(ArrayList.java:1257)
at java.util.concurrent.FutureTask.run(FutureTask.java:266)
at java.util.concurrent.ThreadPoolExecutor.runWorker(ThreadPoolExecutor.java:1149)
at java.util.concurrent.ThreadPoolExecutor$Worker.run(ThreadPoolExecutor.java:624)
at java.lang.Thread.run(Thread.java:748)
... Removed 24 stack frames]]>
    </failure>
  </testcase> <!-- titleCheckInLandingPage -->
  <testcase name="videoBannerHeadTextCheckInLandingPage" time="0.059" classname="SaiAcademy.TitlePageTextTest"/>
  <testcase name="videoBannerTextCheckInLandingPage" time="0.034" classname="SaiAcademy.TitlePageTextTest"/>
</testsuite> <!-- Validating title Page Text -->
