<?xml version="1.0" encoding="UTF-8"?>
<!-- Generated by org.testng.reporters.JUnitXMLReporter -->
<testsuite hostname="LAPTOP-HN641TBH" ignored="0" name="Validating Data Provider Attribute" tests="2" failures="0" timestamp="2020-09-12T18:38:23 CDT" time="54.228" errors="0">
  <testcase name="basePageNavigation" time="35.271" classname="SaiAcademy.HomePageTest"/>
  <testcase name="basePageNavigation" time="14.568" classname="SaiAcademy.HomePageTest"/>
</testsuite> <!-- Validating Data Provider Attribute -->
