<?xml version="1.0" encoding="UTF-8"?>
<testng-results skipped="0" failed="0" ignored="0" total="0" passed="0">
  <reporter-output>
  </reporter-output>
  <suite name="SaiMavenPOIFramework.ExcelDriven.DataDrivenTest" duration-ms="9" started-at="2020-08-28T15:48:08 CDT" finished-at="2020-08-28T15:48:08 CDT">
    <groups>
    </groups>
    <test name="Command line test" duration-ms="9" started-at="2020-08-28T15:48:08 CDT" finished-at="2020-08-28T15:48:08 CDT">
    </test> <!-- Command line test -->
  </suite> <!-- SaiMavenPOIFramework.ExcelDriven.DataDrivenTest -->
</testng-results>
